2022-04-29 17:42:08 INFO  [Utils] MethodGroupsHelper.collectMethodsByGroup() took 0 ms.
2022-04-29 17:42:08 INFO  [Utils] MethodGroupsHelper.sortMethods() took 1 ms.
2022-04-29 17:42:08 INFO  [Utils] MethodGroupsHelper.collectMethodsByGroup() took 0 ms.
2022-04-29 17:42:08 INFO  [Utils] MethodGroupsHelper.sortMethods() took 0 ms.
2022-04-29 17:42:08 INFO  [Utils] MethodGroupsHelper.collectMethodsByGroup() took 1 ms.
2022-04-29 17:42:08 INFO  [Utils] MethodGroupsHelper.sortMethods() took 14 ms.
2022-04-29 17:42:08 INFO  [Utils] MethodGroupsHelper.collectMethodsByGroup() took 0 ms.
2022-04-29 17:42:08 INFO  [Utils] MethodGroupsHelper.sortMethods() took 0 ms.
2022-04-29 17:42:08 INFO  [Utils] MethodGroupsHelper.collectMethodsByGroup() took 0 ms.
2022-04-29 17:42:08 INFO  [Utils] MethodGroupsHelper.sortMethods() took 0 ms.
2022-04-29 17:42:08 INFO  [Utils] MethodGroupsHelper.collectMethodsByGroup() took 0 ms.
2022-04-29 17:42:08 INFO  [Utils] MethodGroupsHelper.sortMethods() took 0 ms.
2022-04-29 17:42:08 INFO  [Utils] MethodGroupsHelper.collectMethodsByGroup() took 0 ms.
2022-04-29 17:42:08 INFO  [Utils] MethodGroupsHelper.sortMethods() took 0 ms.
2022-04-29 17:42:08 INFO  [Utils] MethodGroupsHelper.collectMethodsByGroup() took 0 ms.
2022-04-29 17:42:08 INFO  [Utils] MethodGroupsHelper.sortMethods() took 0 ms.
2022-04-29 17:42:08 INFO  [Utils] MethodGroupsHelper.collectMethodsByGroup() took 0 ms.
2022-04-29 17:42:08 INFO  [Utils] MethodGroupsHelper.sortMethods() took 0 ms.
2022-04-29 17:42:08 INFO  [Utils] MethodGroupsHelper.collectMethodsByGroup() took 0 ms.
2022-04-29 17:42:08 INFO  [Utils] MethodGroupsHelper.sortMethods() took 0 ms.
2022-04-29 17:42:08 INFO  [Utils] MethodGroupsHelper.collectMethodsByGroup() took 0 ms.
2022-04-29 17:42:08 INFO  [Utils] MethodGroupsHelper.sortMethods() took 0 ms.
2022-04-29 17:42:08 INFO  [Utils] MethodGroupsHelper.collectMethodsByGroup() took 0 ms.
2022-04-29 17:42:08 INFO  [Utils] MethodGroupsHelper.sortMethods() took 0 ms.
2022-04-29 17:42:08 INFO  [Utils] MethodGroupsHelper.collectMethodsByGroup() took 0 ms.
2022-04-29 17:42:08 INFO  [Utils] MethodGroupsHelper.sortMethods() took 0 ms.
2022-04-29 17:42:08 INFO  [Utils] MethodGroupsHelper.collectMethodsByGroup() took 0 ms.
2022-04-29 17:42:08 INFO  [Utils] MethodGroupsHelper.sortMethods() took 0 ms.
2022-04-29 17:42:08 INFO  [Utils] MethodGroupsHelper.collectMethodsByGroup() took 0 ms.
2022-04-29 17:42:08 INFO  [Utils] MethodGroupsHelper.sortMethods() took 0 ms.
2022-04-29 17:42:08 INFO  [Utils] MethodGroupsHelper.collectMethodsByGroup() took 0 ms.
2022-04-29 17:42:08 INFO  [Utils] MethodGroupsHelper.sortMethods() took 0 ms.
2022-04-29 17:42:08 INFO  [Utils] MethodGroupsHelper.collectMethodsByGroup() took 0 ms.
2022-04-29 17:42:08 INFO  [Utils] MethodGroupsHelper.sortMethods() took 0 ms.
2022-04-29 17:42:08 INFO  [Utils] MethodGroupsHelper.collectMethodsByGroup() took 0 ms.
2022-04-29 17:42:08 INFO  [Utils] MethodGroupsHelper.sortMethods() took 0 ms.
2022-04-29 17:42:08 INFO  [Utils] MethodGroupsHelper.collectMethodsByGroup() took 0 ms.
2022-04-29 17:42:08 INFO  [Utils] MethodGroupsHelper.sortMethods() took 0 ms.
2022-04-29 17:42:08 INFO  [Utils] MethodGroupsHelper.collectMethodsByGroup() took 0 ms.
2022-04-29 17:42:08 INFO  [Utils] MethodGroupsHelper.sortMethods() took 0 ms.
2022-04-29 17:42:08 INFO  [Utils] MethodGroupsHelper.collectMethodsByGroup() took 0 ms.
2022-04-29 17:42:08 INFO  [Utils] MethodGroupsHelper.sortMethods() took 0 ms.
2022-04-29 17:42:08 INFO  [Utils] MethodGroupsHelper.collectMethodsByGroup() took 0 ms.
2022-04-29 17:42:08 INFO  [Utils] MethodGroupsHelper.sortMethods() took 0 ms.
2022-04-29 17:42:08 INFO  [Utils] MethodGroupsHelper.collectMethodsByGroup() took 0 ms.
2022-04-29 17:42:08 INFO  [Utils] MethodGroupsHelper.sortMethods() took 0 ms.
2022-04-29 17:42:08 INFO  [Utils] MethodGroupsHelper.collectMethodsByGroup() took 0 ms.
2022-04-29 17:42:08 INFO  [Utils] MethodGroupsHelper.sortMethods() took 0 ms.
2022-04-29 17:42:08 INFO  [Utils] MethodGroupsHelper.collectMethodsByGroup() took 0 ms.
2022-04-29 17:42:08 INFO  [Utils] MethodGroupsHelper.sortMethods() took 0 ms.
2022-04-29 17:42:08 INFO  [Utils] MethodGroupsHelper.collectMethodsByGroup() took 0 ms.
2022-04-29 17:42:08 INFO  [Utils] MethodGroupsHelper.sortMethods() took 0 ms.
2022-04-29 17:42:08 INFO  [Utils] MethodGroupsHelper.collectMethodsByGroup() took 0 ms.
2022-04-29 17:42:08 INFO  [Utils] MethodGroupsHelper.sortMethods() took 0 ms.
2022-04-29 17:42:08 INFO  [Utils] MethodGroupsHelper.collectMethodsByGroup() took 0 ms.
2022-04-29 17:42:08 INFO  [Utils] MethodGroupsHelper.sortMethods() took 0 ms.
2022-04-29 17:42:08 INFO  [Utils] MethodGroupsHelper.collectMethodsByGroup() took 0 ms.
2022-04-29 17:42:08 INFO  [Utils] MethodGroupsHelper.sortMethods() took 0 ms.
2022-04-29 17:42:08 INFO  [Utils] MethodGroupsHelper.collectMethodsByGroup() took 0 ms.
2022-04-29 17:42:08 INFO  [Utils] MethodGroupsHelper.sortMethods() took 0 ms.
2022-04-29 17:42:08 INFO  [TestNG] Running:
  C:\Users\vexli\IdeaProjects\dz3\testng.xml

2022-04-29 17:42:08 INFO  [ThreadUtil] Starting executor timeOut:2147483647ms workers:2 threadPoolSize:3
2022-04-29 17:42:08 INFO  Using chromedriver 101.0.4951.41 (resolved driver for Chrome 101)
2022-04-29 17:42:08 INFO  Using chromedriver 101.0.4951.41 (resolved driver for Chrome 101)
2022-04-29 17:42:08 INFO  Exporting webdriver.chrome.driver as C:\Users\vexli\.cache\selenium\chromedriver\win32\101.0.4951.41\chromedriver.exe
2022-04-29 17:42:08 INFO  Exporting webdriver.chrome.driver as C:\Users\vexli\.cache\selenium\chromedriver\win32\101.0.4951.41\chromedriver.exe
2022-04-29 17:42:08 INFO  [Utils] DynamicGraphHelper.createDynamicGraph() took 2 ms.
2022-04-29 17:42:08 INFO  [Utils] DynamicGraphHelper.createDynamicGraph() took 2 ms.
2022-04-29 17:42:12 INFO  first step after pre-step 
2022-04-29 17:42:13 INFO  first step after pre-step 
2022-04-29 17:42:13 INFO  press find button 
2022-04-29 17:42:13 INFO  press find button 
2022-04-29 17:42:16 INFO  hp check box click
2022-04-29 17:42:18 INFO  hp check box click
2022-04-29 17:42:18 INFO  sort expensive first 
2022-04-29 17:42:18 INFO  chose first element
2022-04-29 17:42:19 INFO  click buy
2022-04-29 17:42:19 INFO  sort expensive first 
2022-04-29 17:42:21 INFO  chose first element
2022-04-29 17:42:22 INFO  click buy
2022-04-29 17:42:23 INFO  assert went positive
2022-04-29 17:42:23 WARN  onError
java.net.SocketException: Connection reset
	at java.base/sun.nio.ch.SocketChannelImpl.throwConnectionReset(SocketChannelImpl.java:394)
	at java.base/sun.nio.ch.SocketChannelImpl.read(SocketChannelImpl.java:426)
	at io.netty.buffer.PooledByteBuf.setBytes(PooledByteBuf.java:258)
	at io.netty.buffer.AbstractByteBuf.writeBytes(AbstractByteBuf.java:1132)
	at io.netty.channel.socket.nio.NioSocketChannel.doReadBytes(NioSocketChannel.java:350)
	at io.netty.channel.nio.AbstractNioByteChannel$NioByteUnsafe.read(AbstractNioByteChannel.java:151)
	at io.netty.channel.nio.NioEventLoop.processSelectedKey(NioEventLoop.java:722)
	at io.netty.channel.nio.NioEventLoop.processSelectedKeysOptimized(NioEventLoop.java:658)
	at io.netty.channel.nio.NioEventLoop.processSelectedKeys(NioEventLoop.java:584)
	at io.netty.channel.nio.NioEventLoop.run(NioEventLoop.java:496)
	at io.netty.util.concurrent.SingleThreadEventExecutor$4.run(SingleThreadEventExecutor.java:986)
	at io.netty.util.internal.ThreadExecutorMap$2.run(ThreadExecutorMap.java:74)
	at io.netty.util.concurrent.FastThreadLocalRunnable.run(FastThreadLocalRunnable.java:30)
	at java.base/java.lang.Thread.run(Thread.java:833)
2022-04-29 17:42:27 INFO  assert went positive
2022-04-29 17:42:32 INFO  [TestNG] Time taken by org.testng.internal.ExitCodeListener@59af0466: 0 ms
